::1 - - [11/Jun/2025 18:18:03] "GET / HTTP/1.1" 304 -
::1 - - [11/Jun/2025 18:18:03] "GET /admin-style.css HTTP/1.1" 304 -
::1 - - [11/Jun/2025 18:18:03] "GET /admin-websocket.js HTTP/1.1" 304 -
::1 - - [11/Jun/2025 18:18:03] "GET /admin-script.js HTTP/1.1" 304 -
::1 - - [11/Jun/2025 18:48:38] "GET /?id=404a9779-2094-4595-a23c-0c7086b78499&vscodeBrowserReqId=1749635318472 HTTP/1.1" 200 -
::1 - - [11/Jun/2025 18:48:38] "GET /admin-style.css HTTP/1.1" 200 -
::1 - - [11/Jun/2025 18:48:38] "GET /admin-websocket.js HTTP/1.1" 304 -
::1 - - [11/Jun/2025 18:48:38] "GET /admin-script.js HTTP/1.1" 200 -
::1 - - [11/Jun/2025 18:50:20] "GET / HTTP/1.1" 200 -
::1 - - [11/Jun/2025 18:50:20] "GET /admin-style.css HTTP/1.1" 200 -
::1 - - [11/Jun/2025 18:50:20] "GET /admin-script.js HTTP/1.1" 200 -
::1 - - [11/Jun/2025 18:50:20] "GET /admin-websocket.js HTTP/1.1" 304 -
::1 - - [11/Jun/2025 18:50:20] code 404, message File not found
::1 - - [11/Jun/2025 18:50:20] "GET /favicon.ico HTTP/1.1" 404 -
::1 - - [11/Jun/2025 18:54:23] "GET / HTTP/1.1" 304 -
::1 - - [11/Jun/2025 18:54:23] "GET /admin-style.css HTTP/1.1" 304 -
::1 - - [11/Jun/2025 18:54:23] "GET /admin-script.js HTTP/1.1" 304 -
::1 - - [11/Jun/2025 19:04:06] "GET / HTTP/1.1" 200 -
::1 - - [11/Jun/2025 19:04:06] "GET /admin-style.css HTTP/1.1" 200 -
::1 - - [11/Jun/2025 19:04:06] "GET /admin-script.js HTTP/1.1" 200 -
::1 - - [11/Jun/2025 19:04:06] "GET /admin-websocket.js HTTP/1.1" 304 -
::1 - - [11/Jun/2025 19:04:06] code 404, message File not found
::1 - - [11/Jun/2025 19:04:06] "GET /favicon.ico HTTP/1.1" 404 -
