::1 - - [11/Jun/2025 18:17:52] "GET / HTTP/1.1" 200 -
::1 - - [11/Jun/2025 18:17:52] "GET /style.css HTTP/1.1" 200 -
::1 - - [11/Jun/2025 18:17:52] "GET /emotion-analyzer-v2.js HTTP/1.1" 200 -
::1 - - [11/Jun/2025 18:17:52] "GET /backend-client.js HTTP/1.1" 304 -
::1 - - [11/Jun/2025 18:17:52] "GET /models/natori/runtime/natori_pro_t06.moc3 HTTP/1.1" 304 -
::1 - - [11/Jun/2025 18:17:52] "GET /models/natori/runtime/natori_pro_t06.4096/texture_00.png HTTP/1.1" 304 -
::1 - - [11/Jun/2025 18:17:52] "GET /models/natori/runtime/motions/mtn_01.motion3.json HTTP/1.1" 304 -
::1 - - [11/Jun/2025 18:17:52] "GET /models/natori/runtime/motions/mtn_00.motion3.json HTTP/1.1" 304 -
::1 - - [11/Jun/2025 18:17:52] "GET /models/natori/runtime/motions/mtn_02.motion3.json HTTP/1.1" 304 -
::1 - - [11/Jun/2025 18:17:52] "GET /models/natori/runtime/natori.pose3.json HTTP/1.1" 304 -
::1 - - [11/Jun/2025 18:17:52] "GET /models/natori/runtime/natori_pro_t06.physics3.json HTTP/1.1" 304 -
::1 - - [11/Jun/2025 18:17:52] code 404, message File not found
::1 - - [11/Jun/2025 18:17:52] "GET /favicon.ico HTTP/1.1" 404 -
::1 - - [11/Jun/2025 18:48:32] "GET /?id=404a9779-2094-4595-a23c-0c7086b78499&vscodeBrowserReqId=1749635312618 HTTP/1.1" 200 -
::1 - - [11/Jun/2025 18:48:32] "GET /SDK/CubismSdkForWeb-5-r.4/Core/live2dcubismcore.min.js HTTP/1.1" 304 -
::1 - - [11/Jun/2025 18:48:32] "GET /style.css HTTP/1.1" 200 -
::1 - - [11/Jun/2025 18:48:32] "GET /natori-personality.js HTTP/1.1" 304 -
::1 - - [11/Jun/2025 18:48:32] "GET /libs/cubism4.min.js HTTP/1.1" 304 -
::1 - - [11/Jun/2025 18:48:32] "GET /backend-client.js HTTP/1.1" 304 -
::1 - - [11/Jun/2025 18:48:32] "GET /script.js HTTP/1.1" 304 -
::1 - - [11/Jun/2025 18:48:32] "GET /live2d-pixi.js HTTP/1.1" 200 -
::1 - - [11/Jun/2025 18:48:32] "GET /emotion-analyzer-v2.js HTTP/1.1" 200 -
::1 - - [11/Jun/2025 18:48:32] "GET /models/natori/runtime/natori_pro_t06.model3.json HTTP/1.1" 304 -
::1 - - [11/Jun/2025 18:48:32] "GET /models/natori/runtime/natori_pro_t06.moc3 HTTP/1.1" 304 -
::1 - - [11/Jun/2025 18:48:32] "GET /models/natori/runtime/natori_pro_t06.4096/texture_00.png HTTP/1.1" 304 -
::1 - - [11/Jun/2025 18:48:32] "GET /models/natori/runtime/motions/mtn_01.motion3.json HTTP/1.1" 304 -
::1 - - [11/Jun/2025 18:48:32] "GET /models/natori/runtime/motions/mtn_00.motion3.json HTTP/1.1" 304 -
::1 - - [11/Jun/2025 18:48:32] "GET /models/natori/runtime/motions/mtn_02.motion3.json HTTP/1.1" 304 -
::1 - - [11/Jun/2025 18:48:32] "GET /models/natori/runtime/natori.pose3.json HTTP/1.1" 304 -
::1 - - [11/Jun/2025 18:48:32] "GET /models/natori/runtime/natori_pro_t06.physics3.json HTTP/1.1" 304 -
::1 - - [11/Jun/2025 18:49:17] "GET / HTTP/1.1" 200 -
::1 - - [11/Jun/2025 18:49:17] "GET /style.css HTTP/1.1" 200 -
::1 - - [11/Jun/2025 18:49:17] "GET /libs/cubism4.min.js HTTP/1.1" 304 -
::1 - - [11/Jun/2025 18:49:17] "GET /natori-personality.js HTTP/1.1" 304 -
::1 - - [11/Jun/2025 18:49:17] "GET /SDK/CubismSdkForWeb-5-r.4/Core/live2dcubismcore.min.js HTTP/1.1" 304 -
::1 - - [11/Jun/2025 18:49:17] "GET /live2d-pixi.js HTTP/1.1" 200 -
::1 - - [11/Jun/2025 18:49:17] "GET /emotion-analyzer-v2.js HTTP/1.1" 304 -
::1 - - [11/Jun/2025 18:49:17] "GET /backend-client.js HTTP/1.1" 304 -
::1 - - [11/Jun/2025 18:49:17] "GET /script.js HTTP/1.1" 304 -
::1 - - [11/Jun/2025 18:49:18] "GET /models/natori/runtime/natori_pro_t06.model3.json HTTP/1.1" 304 -
::1 - - [11/Jun/2025 18:49:18] code 404, message File not found
::1 - - [11/Jun/2025 18:49:18] "GET /favicon.ico HTTP/1.1" 404 -
::1 - - [11/Jun/2025 18:49:38] "GET /models/natori/runtime/exp/Smile.exp3.json HTTP/1.1" 304 -
::1 - - [11/Jun/2025 18:54:46] "GET / HTTP/1.1" 200 -
::1 - - [11/Jun/2025 18:54:46] "GET /style.css HTTP/1.1" 200 -
::1 - - [11/Jun/2025 18:54:46] "GET /SDK/CubismSdkForWeb-5-r.4/Core/live2dcubismcore.min.js HTTP/1.1" 200 -
::1 - - [11/Jun/2025 18:54:46] "GET /libs/cubism4.min.js HTTP/1.1" 200 -
::1 - - [11/Jun/2025 18:54:46] "GET /live2d-pixi.js HTTP/1.1" 200 -
::1 - - [11/Jun/2025 18:54:46] "GET /natori-personality.js HTTP/1.1" 200 -
::1 - - [11/Jun/2025 18:54:46] "GET /emotion-analyzer-v2.js HTTP/1.1" 200 -
::1 - - [11/Jun/2025 18:54:46] "GET /backend-client.js HTTP/1.1" 200 -
::1 - - [11/Jun/2025 18:54:46] "GET /script.js HTTP/1.1" 200 -
::1 - - [11/Jun/2025 18:54:46] "GET /models/natori/runtime/natori_pro_t06.model3.json HTTP/1.1" 200 -
::1 - - [11/Jun/2025 18:54:46] "GET /models/natori/runtime/natori_pro_t06.model3.json HTTP/1.1" 200 -
::1 - - [11/Jun/2025 18:54:46] "GET /models/natori/runtime/natori_pro_t06.moc3 HTTP/1.1" 200 -
::1 - - [11/Jun/2025 18:54:46] "GET /models/natori/runtime/natori_pro_t06.4096/texture_00.png HTTP/1.1" 200 -
::1 - - [11/Jun/2025 18:54:46] "GET /models/natori/runtime/motions/mtn_01.motion3.json HTTP/1.1" 200 -
::1 - - [11/Jun/2025 18:54:46] "GET /models/natori/runtime/motions/mtn_00.motion3.json HTTP/1.1" 200 -
::1 - - [11/Jun/2025 18:54:46] "GET /models/natori/runtime/motions/mtn_02.motion3.json HTTP/1.1" 200 -
::1 - - [11/Jun/2025 18:54:46] code 404, message File not found
::1 - - [11/Jun/2025 18:54:46] "GET /favicon.ico HTTP/1.1" 404 -
::1 - - [11/Jun/2025 18:54:46] "GET /models/natori/runtime/natori.pose3.json HTTP/1.1" 200 -
::1 - - [11/Jun/2025 18:54:46] "GET /models/natori/runtime/natori_pro_t06.physics3.json HTTP/1.1" 200 -
::1 - - [11/Jun/2025 18:59:25] "GET / HTTP/1.1" 200 -
::1 - - [11/Jun/2025 18:59:25] "GET /style.css HTTP/1.1" 200 -
::1 - - [11/Jun/2025 18:59:25] "GET /live2d-pixi.js HTTP/1.1" 200 -
